epoch,accuracy,binary_accuracy,binary_crossentropy,loss,val_accuracy,val_binary_accuracy,val_binary_crossentropy,val_loss
0,0.49884259700775146,0.49884259700775146,0.5356051921844482,0.5356051921844482,0.4977678656578064,0.4977678656578064,1.7359726428985596,1.7359726428985596
1,0.49884259700775146,0.49884259700775146,0.3683384358882904,0.3683384358882904,0.5022321343421936,0.5022321343421936,0.5361542105674744,0.5361542105674744
2,0.5003858208656311,0.5003858208656311,0.3064749538898468,0.3064749538898468,0.5066964030265808,0.5066964030265808,0.3328752815723419,0.3328752815723419
3,0.49884259700775146,0.49884259700775146,0.24797309935092926,0.24797309935092926,0.5,0.5,0.3084961771965027,0.3084961771965027
4,0.49845677614212036,0.49845677614212036,0.22558405995368958,0.22558405995368958,0.5,0.5,0.3607300817966461,0.3607300817966461
5,0.5003858208656311,0.5003858208656311,0.19406238198280334,0.19406238198280334,0.5066964030265808,0.5066964030265808,0.3237762749195099,0.3237762749195099
6,0.5011574029922485,0.5011574029922485,0.16673405468463898,0.16673405468463898,0.5044642686843872,0.5044642686843872,0.29323816299438477,0.29323816299438477
7,0.4992283880710602,0.4992283880710602,0.15121275186538696,0.15121275186538696,0.4977678656578064,0.4977678656578064,0.317864328622818,0.317864328622818
8,0.49884259700775146,0.49884259700775146,0.13679733872413635,0.13679733872413635,0.5022321343421936,0.5022321343421936,0.29981642961502075,0.29981642961502075
9,0.5007715821266174,0.5007715821266174,0.12517639994621277,0.12517639994621277,0.4977678656578064,0.4977678656578064,0.2766339182853699,0.2766339182853699
10,0.4996142089366913,0.4996142089366913,0.12024290859699249,0.12024290859699249,0.4955357015132904,0.4955357015132904,0.3101297914981842,0.3101297914981842
11,0.5011574029922485,0.5011574029922485,0.10121456533670425,0.10121456533670425,0.5044642686843872,0.5044642686843872,0.2739312946796417,0.2739312946796417
12,0.4996142089366913,0.4996142089366913,0.09796062856912613,0.09796062856912613,0.4977678656578064,0.4977678656578064,0.2886776924133301,0.2886776924133301
13,0.5,0.5,0.08868321031332016,0.08868321031332016,0.4933035671710968,0.4933035671710968,0.31840774416923523,0.31840774416923523
14,0.5,0.5,0.08739107847213745,0.08739107847213745,0.4955357015132904,0.4955357015132904,0.28492507338523865,0.28492507338523865
15,0.4996142089366913,0.4996142089366913,0.07780839502811432,0.07780839502811432,0.4933035671710968,0.4933035671710968,0.32098668813705444,0.32098668813705444
16,0.5007715821266174,0.5007715821266174,0.07159300148487091,0.07159300148487091,0.5022321343421936,0.5022321343421936,0.2787444293498993,0.2787444293498993
17,0.4992283880710602,0.4992283880710602,0.06562419980764389,0.06562419980764389,0.5044642686843872,0.5044642686843872,0.26372355222702026,0.26372355222702026
18,0.49845677614212036,0.49845677614212036,0.061638154089450836,0.061638154089450836,0.5022321343421936,0.5022321343421936,0.32293936610221863,0.32293936610221863
19,0.4996142089366913,0.4996142089366913,0.06013413518667221,0.06013413518667221,0.5044642686843872,0.5044642686843872,0.2479897290468216,0.2479897290468216
20,0.5,0.5,0.048395875841379166,0.048395875841379166,0.5,0.5,0.37873902916908264,0.37873902916908264
21,0.5007715821266174,0.5007715821266174,0.0466119721531868,0.0466119721531868,0.5022321343421936,0.5022321343421936,0.23515932261943817,0.23515932261943817
22,0.5007715821266174,0.5007715821266174,0.04936959594488144,0.04936959594488144,0.4955357015132904,0.4955357015132904,0.2620392441749573,0.2620392441749573
23,0.5003858208656311,0.5003858208656311,0.04114004224538803,0.04114004224538803,0.4977678656578064,0.4977678656578064,0.30676451325416565,0.30676451325416565
24,0.4996142089366913,0.4996142089366913,0.04480883479118347,0.04480883479118347,0.5022321343421936,0.5022321343421936,0.36103683710098267,0.36103683710098267
25,0.5011574029922485,0.5011574029922485,0.039632104337215424,0.039632104337215424,0.5022321343421936,0.5022321343421936,0.3688751757144928,0.3688751757144928
26,0.5007715821266174,0.5007715821266174,0.03327907621860504,0.03327907621860504,0.4977678656578064,0.4977678656578064,0.27394506335258484,0.27394506335258484
27,0.49807098507881165,0.49807098507881165,0.035813890397548676,0.035813890397548676,0.5,0.5,0.31141120195388794,0.31141120195388794
28,0.4996142089366913,0.4996142089366913,0.03385964781045914,0.03385964781045914,0.4977678656578064,0.4977678656578064,0.2743026912212372,0.2743026912212372
29,0.501928985118866,0.501928985118866,0.03674789145588875,0.03674789145588875,0.5066964030265808,0.5066964030265808,0.3459344506263733,0.3459344506263733
30,0.5,0.5,0.02973780781030655,0.02973780781030655,0.4977678656578064,0.4977678656578064,0.24246184527873993,0.24246184527873993
31,0.49845677614212036,0.49845677614212036,0.028337879106402397,0.028337879106402397,0.5022321343421936,0.5022321343421936,0.22476215660572052,0.22476215660572052
32,0.4992283880710602,0.4992283880710602,0.03133484348654747,0.03133484348654747,0.5066964030265808,0.5066964030265808,0.2445039451122284,0.2445039451122284
33,0.49807098507881165,0.49807098507881165,0.025430794805288315,0.025430794805288315,0.5,0.5,0.2470598965883255,0.2470598965883255
34,0.5011574029922485,0.5011574029922485,0.028602376580238342,0.028602376580238342,0.4933035671710968,0.4933035671710968,0.33047962188720703,0.33047962188720703
35,0.49845677614212036,0.49845677614212036,0.02365531027317047,0.02365531027317047,0.5,0.5,0.2541790306568146,0.2541790306568146
36,0.5,0.5,0.02350008860230446,0.02350008860230446,0.4955357015132904,0.4955357015132904,0.3053550124168396,0.3053550124168396
37,0.5003858208656311,0.5003858208656311,0.02348206751048565,0.02348206751048565,0.4977678656578064,0.4977678656578064,0.2758171558380127,0.2758171558380127
38,0.5011574029922485,0.5011574029922485,0.01989251933991909,0.01989251933991909,0.5044642686843872,0.5044642686843872,0.2513420283794403,0.2513420283794403
39,0.4996142089366913,0.4996142089366913,0.022930601611733437,0.022930601611733437,0.4977678656578064,0.4977678656578064,0.2936080992221832,0.2936080992221832
40,0.4996142089366913,0.4996142089366913,0.02334664575755596,0.02334664575755596,0.5044642686843872,0.5044642686843872,0.25529971718788147,0.25529971718788147
41,0.4992283880710602,0.4992283880710602,0.019768452271819115,0.019768452271819115,0.5,0.5,0.2627217173576355,0.2627217173576355
42,0.49884259700775146,0.49884259700775146,0.021647561341524124,0.021647561341524124,0.5,0.5,0.23872964084148407,0.23872964084148407
43,0.5,0.5,0.018890026956796646,0.018890026956796646,0.4955357015132904,0.4955357015132904,0.3070831298828125,0.3070831298828125
44,0.49884259700775146,0.49884259700775146,0.01895606890320778,0.01895606890320778,0.4955357015132904,0.4955357015132904,0.24984335899353027,0.24984335899353027
45,0.5003858208656311,0.5003858208656311,0.016962889581918716,0.016962889581918716,0.5022321343421936,0.5022321343421936,0.2231890857219696,0.2231890857219696
46,0.49845677614212036,0.49845677614212036,0.018478838726878166,0.018478838726878166,0.5,0.5,0.24479477107524872,0.24479477107524872
47,0.4992283880710602,0.4992283880710602,0.018949199467897415,0.018949199467897415,0.5022321343421936,0.5022321343421936,0.22544005513191223,0.22544005513191223
48,0.5015432238578796,0.5015432238578796,0.018765978515148163,0.018765978515148163,0.5,0.5,0.27801713347435,0.27801713347435
49,0.5003858208656311,0.5003858208656311,0.015229716897010803,0.015229716897010803,0.4977678656578064,0.4977678656578064,0.3104763925075531,0.3104763925075531
