epoch,accuracy,binary_accuracy,binary_crossentropy,loss,val_accuracy,val_binary_accuracy,val_binary_crossentropy,val_loss
0,0.4996142089366913,0.4996142089366913,0.530691921710968,0.530691921710968,0.5066964030265808,0.5066964030265808,1.2952228784561157,1.2952228784561157
1,0.5,0.5,0.361163467168808,0.361163467168808,0.4977678656578064,0.4977678656578064,0.28864413499832153,0.28864413499832153
2,0.5015432238578796,0.5015432238578796,0.29210010170936584,0.29210010170936584,0.5,0.5,0.20116187632083893,0.20116187632083893
3,0.5,0.5,0.2523093521595001,0.2523093521595001,0.5022321343421936,0.5022321343421936,0.16383503377437592,0.16383503377437592
4,0.49807098507881165,0.49807098507881165,0.22952701151371002,0.22952701151371002,0.5,0.5,0.15042726695537567,0.15042726695537567
5,0.5015432238578796,0.5015432238578796,0.19195733964443207,0.19195733964443207,0.5,0.5,0.15082605183124542,0.15082605183124542
6,0.5,0.5,0.1735474169254303,0.1735474169254303,0.5,0.5,0.11972735822200775,0.11972735822200775
7,0.5,0.5,0.15588685870170593,0.15588685870170593,0.5066964030265808,0.5066964030265808,0.11239562928676605,0.11239562928676605
8,0.4996142089366913,0.4996142089366913,0.13238020241260529,0.13238020241260529,0.5,0.5,0.09309794008731842,0.09309794008731842
9,0.4992283880710602,0.4992283880710602,0.1326264888048172,0.1326264888048172,0.4955357015132904,0.4955357015132904,0.09568367153406143,0.09568367153406143
10,0.5,0.5,0.1098996251821518,0.1098996251821518,0.5,0.5,0.0896281972527504,0.0896281972527504
11,0.49884259700775146,0.49884259700775146,0.10131149739027023,0.10131149739027023,0.5,0.5,0.07575605064630508,0.07575605064630508
12,0.5003858208656311,0.5003858208656311,0.0888272300362587,0.0888272300362587,0.5,0.5,0.07471673935651779,0.07471673935651779
13,0.5,0.5,0.08545983582735062,0.08545983582735062,0.5044642686843872,0.5044642686843872,0.06906529515981674,0.06906529515981674
14,0.5,0.5,0.07693594694137573,0.07693594694137573,0.5,0.5,0.0688127800822258,0.0688127800822258
15,0.5003858208656311,0.5003858208656311,0.07074716687202454,0.07074716687202454,0.5022321343421936,0.5022321343421936,0.06168808415532112,0.06168808415532112
16,0.5003858208656311,0.5003858208656311,0.06448595225811005,0.06448595225811005,0.4977678656578064,0.4977678656578064,0.056908585131168365,0.056908585131168365
17,0.5003858208656311,0.5003858208656311,0.062216151505708694,0.062216151505708694,0.5022321343421936,0.5022321343421936,0.06217847019433975,0.06217847019433975
18,0.5011574029922485,0.5011574029922485,0.05280414596199989,0.05280414596199989,0.4977678656578064,0.4977678656578064,0.046863943338394165,0.046863943338394165
19,0.4992283880710602,0.4992283880710602,0.04926794022321701,0.04926794022321701,0.5,0.5,0.046284448355436325,0.046284448355436325
20,0.5,0.5,0.0468745194375515,0.0468745194375515,0.5,0.5,0.04461931809782982,0.04461931809782982
21,0.5,0.5,0.04719490930438042,0.04719490930438042,0.5022321343421936,0.5022321343421936,0.04222405329346657,0.04222405329346657
22,0.5007715821266174,0.5007715821266174,0.04578408971428871,0.04578408971428871,0.4977678656578064,0.4977678656578064,0.0423048660159111,0.0423048660159111
23,0.5003858208656311,0.5003858208656311,0.03958193212747574,0.03958193212747574,0.4977678656578064,0.4977678656578064,0.0520477332174778,0.0520477332174778
24,0.49884259700775146,0.49884259700775146,0.03632756695151329,0.03632756695151329,0.5066964030265808,0.5066964030265808,0.045802146196365356,0.045802146196365356
25,0.5,0.5,0.031374167650938034,0.031374167650938034,0.4955357015132904,0.4955357015132904,0.03884100168943405,0.03884100168943405
26,0.4992283880710602,0.4992283880710602,0.035231105983257294,0.035231105983257294,0.4977678656578064,0.4977678656578064,0.03495906665921211,0.03495906665921211
27,0.5003858208656311,0.5003858208656311,0.029334256425499916,0.029334256425499916,0.4955357015132904,0.4955357015132904,0.03352033719420433,0.03352033719420433
28,0.5007715821266174,0.5007715821266174,0.03199316933751106,0.03199316933751106,0.4977678656578064,0.4977678656578064,0.03774893656373024,0.03774893656373024
29,0.5023148059844971,0.5023148059844971,0.027250448241829872,0.027250448241829872,0.5022321343421936,0.5022321343421936,0.031215455383062363,0.031215455383062363
30,0.4996142089366913,0.4996142089366913,0.026860155165195465,0.026860155165195465,0.4977678656578064,0.4977678656578064,0.031524691730737686,0.031524691730737686
31,0.49845677614212036,0.49845677614212036,0.029984300956130028,0.029984300956130028,0.5,0.5,0.030115598812699318,0.030115598812699318
32,0.5007715821266174,0.5007715821266174,0.025365348905324936,0.025365348905324936,0.5,0.5,0.030115898698568344,0.030115898698568344
33,0.5003858208656311,0.5003858208656311,0.028089329600334167,0.028089329600334167,0.5,0.5,0.026681717485189438,0.026681717485189438
34,0.4996142089366913,0.4996142089366913,0.02173970453441143,0.02173970453441143,0.5,0.5,0.027225898578763008,0.027225898578763008
35,0.4992283880710602,0.4992283880710602,0.023142922669649124,0.023142922669649124,0.5044642686843872,0.5044642686843872,0.0284196175634861,0.0284196175634861
36,0.5,0.5,0.023404886946082115,0.023404886946082115,0.4977678656578064,0.4977678656578064,0.02660227380692959,0.02660227380692959
37,0.501928985118866,0.501928985118866,0.019630681723356247,0.019630681723356247,0.5,0.5,0.027650048956274986,0.027650048956274986
38,0.5,0.5,0.021631300449371338,0.021631300449371338,0.5044642686843872,0.5044642686843872,0.026980994269251823,0.026980994269251823
39,0.49768519401550293,0.49768519401550293,0.02173551730811596,0.02173551730811596,0.4955357015132904,0.4955357015132904,0.02430390752851963,0.02430390752851963
40,0.5,0.5,0.018696878105401993,0.018696878105401993,0.5044642686843872,0.5044642686843872,0.022142985835671425,0.022142985835671425
41,0.49884259700775146,0.49884259700775146,0.01767963171005249,0.01767963171005249,0.4977678656578064,0.4977678656578064,0.02135619893670082,0.02135619893670082
42,0.49884259700775146,0.49884259700775146,0.017103802412748337,0.017103802412748337,0.4977678656578064,0.4977678656578064,0.02372784912586212,0.02372784912586212
43,0.49845677614212036,0.49845677614212036,0.015205936506390572,0.015205936506390572,0.5066964030265808,0.5066964030265808,0.023861121386289597,0.023861121386289597
44,0.4992283880710602,0.4992283880710602,0.014048018492758274,0.014048018492758274,0.4977678656578064,0.4977678656578064,0.02103281393647194,0.02103281393647194
45,0.5,0.5,0.013502250425517559,0.013502250425517559,0.4977678656578064,0.4977678656578064,0.01993008516728878,0.01993008516728878
46,0.4992283880710602,0.4992283880710602,0.018632646650075912,0.018632646650075912,0.4977678656578064,0.4977678656578064,0.02231723628938198,0.02231723628938198
47,0.5003858208656311,0.5003858208656311,0.015501894988119602,0.015501894988119602,0.5,0.5,0.01822267659008503,0.01822267659008503
48,0.49884259700775146,0.49884259700775146,0.012426558881998062,0.012426558881998062,0.4933035671710968,0.4933035671710968,0.019042696803808212,0.019042696803808212
49,0.5003858208656311,0.5003858208656311,0.012692572548985481,0.012692572548985481,0.5,0.5,0.01913030631840229,0.01913030631840229
